<?xml version="1.0" encoding="UTF-8"?>
<!-- Generated by org.testng.reporters.JUnitXMLReporter -->
<testsuite ignored="1" hostname="DESKTOP-SIFLDSR" failures="0" tests="1" name="Default test" time="23.257" errors="0" timestamp="2019-10-09T11:23:35 ART">
  <testcase classname="tests.TestTheInternet" name="logintest" time="4.15"/>
  <testcase classname="tests.TestTheInternet" name="testMultipleWindows" time="0.0">
    <ignored/>
  </testcase> <!-- testMultipleWindows -->
</testsuite> <!-- Default test -->
