<?xml version="1.0" encoding="UTF-8"?>
<testng-results ignored="1" total="2" passed="1" failed="0" skipped="0">
  <reporter-output>
  </reporter-output>
  <suite started-at="2019-10-09T11:23:11 ART" name="Default suite" finished-at="2019-10-09T11:23:35 ART" duration-ms="23257">
    <groups>
    </groups>
    <test started-at="2019-10-09T11:23:11 ART" name="Default test" finished-at="2019-10-09T11:23:35 ART" duration-ms="23257">
      <class name="tests.TestTheInternet">
        <test-method is-config="true" signature="inicializarBrowser()[pri:0, instance:tests.TestTheInternet@78e94dcf]" started-at="2019-10-09T11:23:11 ART" name="inicializarBrowser" finished-at="2019-10-09T11:23:30 ART" duration-ms="18336" status="PASS">
          <reporter-output>
          </reporter-output>
        </test-method> <!-- inicializarBrowser -->
        <test-method signature="logintest()[pri:0, instance:tests.TestTheInternet@78e94dcf]" started-at="2019-10-09T11:23:30 ART" name="logintest" finished-at="2019-10-09T11:23:34 ART" duration-ms="4150" status="PASS">
          <reporter-output>
          </reporter-output>
        </test-method> <!-- logintest -->
        <test-method is-config="true" signature="cerrarBrowser()[pri:0, instance:tests.TestTheInternet@78e94dcf]" started-at="2019-10-09T11:23:34 ART" name="cerrarBrowser" finished-at="2019-10-09T11:23:35 ART" duration-ms="722" status="PASS">
          <reporter-output>
          </reporter-output>
        </test-method> <!-- cerrarBrowser -->
      </class> <!-- tests.TestTheInternet -->
    </test> <!-- Default test -->
  </suite> <!-- Default suite -->
</testng-results>
